<?xml version="1.0" encoding="UTF-8"?>
<!-- Generated by org.testng.reporters.JUnitReportReporter -->
<testsuite hostname="DESKTOP-850Q538" failures="0" tests="1" name="TransferMate.RegistrationTestSuite2" time="0.358" errors="0" timestamp="2023-02-26T17:46:15 EET" skipped="0">
  <testcase classname="TransferMate.RegistrationTestSuite2" name="invalidMailRegistration" time="0.358"/>
  <system-out/>
</testsuite> <!-- TransferMate.RegistrationTestSuite2 -->
