<?xml version="1.0" encoding="UTF-8"?>
<!-- Generated by org.testng.reporters.JUnitReportReporter -->
<testsuite hostname="DESKTOP-850Q538" failures="0" tests="1" name="TransferMate.AcceptTermsRegistrationTest" time="0.356" errors="0" timestamp="2023-02-26T20:39:47 EET" skipped="0">
  <testcase classname="TransferMate.AcceptTermsRegistrationTest" name="acceptTermsRegistration" time="0.356"/>
  <system-out/>
</testsuite> <!-- TransferMate.AcceptTermsRegistrationTest -->
