<?xml version="1.0" encoding="UTF-8"?>
<!-- Generated by org.testng.reporters.JUnitReportReporter -->
<testsuite hostname="DESKTOP-850Q538" failures="0" tests="1" name="TransferMate.test" time="0.166" errors="0" timestamp="2023-02-26T00:29:57 EET" skipped="0">
  <testcase classname="TransferMate.test" name="randomTest" time="0.166"/>
  <system-out/>
</testsuite> <!-- TransferMate.test -->
