<?xml version="1.0" encoding="UTF-8"?>
<!-- Generated by org.testng.reporters.JUnitReportReporter -->
<testsuite hostname="DESKTOP-850Q538" failures="0" tests="1" name="TransferMate.test2" time="0.081" errors="0" timestamp="2023-02-25T16:23:09 EET" skipped="0">
  <testcase classname="TransferMate.test2" name="randomTest" time="0.081"/>
  <system-out/>
</testsuite> <!-- TransferMate.test2 -->
