<?xml version="1.0" encoding="UTF-8"?>
<!-- Generated by org.testng.reporters.JUnitReportReporter -->
<testsuite hostname="DESKTOP-850Q538" failures="0" tests="1" name="TransferMate.InvalidMailTest" time="0.363" errors="0" timestamp="2023-02-26T20:40:41 EET" skipped="0">
  <testcase classname="TransferMate.InvalidMailTest" name="invalidMailRegistration" time="0.363"/>
  <system-out/>
</testsuite> <!-- TransferMate.InvalidMailTest -->
