<?xml version="1.0" encoding="UTF-8"?>
<!-- Generated by org.testng.reporters.JUnitReportReporter -->
<testsuite hostname="DESKTOP-850Q538" failures="0" tests="1" name="TransferMate.SuccesfulRegistrationTest" time="1.659" errors="0" timestamp="2023-02-26T18:08:14 EET" skipped="0">
  <testcase classname="TransferMate.SuccesfulRegistrationTest" name="succesfulRegistration" time="1.659"/>
  <system-out/>
</testsuite> <!-- TransferMate.SuccesfulRegistrationTest -->
